2025-06-11 17:35:03  ℹ️  INFO   core/start.go:47  Starting application initialization  {"version": "0.0.1", "environment": "debug"}
2025-06-11 17:35:03  ℹ️  INFO   core/start.go:58  Database initialized successfully
2025-06-11 17:35:03  ℹ️  INFO   core/start.go:63  Initializing main application
time="2025-06-11T17:35:03+02:00" level=info msg="Initializing email sender with provider: postmark"
2025-06-11 17:35:03  ℹ️  INFO   initializer/initializer.go:249  Template engine initialized successfully
2025-06-11 17:35:03  ℹ️  INFO   initializer/initializer.go:297  Setting up routes for module  {"module": "auth"}
2025-06-11 17:35:03  ℹ️  INFO   initializer/initializer.go:297  Setting up routes for module  {"module": "users"}
2025-06-11 17:35:03  ℹ️  INFO   initializer/initializer.go:303  Setting up API routes for module  {"module": "users"}
2025-06-11 17:35:03  ℹ️  INFO   initializer/initializer.go:297  Setting up routes for module  {"module": "posts"}
2025-06-11 17:35:03  ℹ️  INFO   initializer/initializer.go:303  Setting up API routes for module  {"module": "posts"}
2025-06-11 17:35:03  ℹ️  INFO   home/module.go:26  Initializing home module
2025-06-11 17:35:03  ℹ️  INFO   initializer/initializer.go:297  Setting up routes for module  {"module": "home"}
2025-06-11 17:35:03  ℹ️  INFO   home/module.go:44  Setting up home module routes
2025-06-11 17:35:03  ℹ️  INFO   home/module.go:49  Home module routes registered
2025-06-11 17:35:03  ℹ️  INFO   core/start.go:77  Swagger documentation enabled
2025-06-11 17:35:03  ℹ️  INFO   core/start.go:90  Initializing WebSocket module
2025-06-11 17:35:03  ℹ️  INFO   core/start.go:105  Application Started Successfully!
━━━━━━━━━━━━━━━━━━━━━━━━━━━━━━━━━━━━━━━━
🔖 Version:      0.0.1
🌍 Environment:  debug
🔌 Server:       0.0.0.0:8000
🌐 App URL:      http://localhost:8000
🔗 API URL:      http://localhost:8000/api
📚 Swagger Docs: http://localhost:8000/swagger/index.html
📦 Modules:      5
━━━━━━━━━━━━━━━━━━━━━━━━━━━━━━━━━━━━━━━━
time="2025-06-11T17:35:06+02:00" level=info msg="TemplateContextMiddleware - Session data: logged_in=<nil>, user_id=<nil>, username=<nil>"
time="2025-06-11T17:35:06+02:00" level=info msg="TemplateContextMiddleware - User is NOT logged in"
DEBUG: ViewBuilder - Template context from middleware: map[currentUser:<nil>]
DEBUG: ViewBuilder - Final template data keys: [title posts currentUser session]
DEBUG: ViewBuilder - currentUser value: <nil>
2025-06-11 17:35:06  ℹ️  INFO   middleware/logger.go:112  HTTP Request  {"method": "GET", "path": "/posts", "status": 200, "latency": "2.642667ms", "request": "", "response": "<!DOCTYPE html>\n<html lang=\"en\">\n<head>\n    <meta charset=\"UTF-8\">\n    <meta name=\"viewport\" content=\"width=device-width, initial-scale=1.0\">\n    <title>Posts - Welcome to Base</title>\n    <script type=\"module\" src=\"https://unpkg.com/petite-vue?module\"></script>\n    <script src=\"https://cdn.tailwindcss.com\"></script>\n</head>\n<script type=\"module\">\n  import { createApp } from 'https://unpkg.com/petite-vue?module'\n  createApp().mount()\n</script>\n<body class=\"bg-gray-50\" v-scope=\"{ sidebarOpen: false }\">\n    \n    <nav class=\"bg-white shadow fixed w-full z-10\">\n        <div class=\"max-w-7xl mx-auto px-4 sm:px-6 lg:px-8\">\n            <div class=\"flex justify-between h-16\">\n                <div class=\"flex items-center\">\n                    <button @click=\"sidebarOpen = !sidebarOpen\" class=\"md:hidden p-2 rounded-md text-gray-400 hover:text-gray-500 hover:bg-gray-100\">\n                        <svg class=\"h-6 w-6\" fill=\"none\" viewBox=\"0 0 24 24\" stroke=\"currentColor\">\n                         ... [truncated]", "error": ""}
2025-06-11 17:35:06  ℹ️  INFO   middleware/logger.go:112  HTTP Request  {"method": "GET", "path": "/.well-known/appspecific/com.chrome.devtools.json", "status": 404, "latency": "7.666µs", "request": "", "response": "", "error": ""}
2025-06-11 17:35:31  ℹ️  INFO   middleware/logger.go:112  HTTP Request  {"method": "GET", "path": "/.well-known/appspecific/com.chrome.devtools.json", "status": 404, "latency": "11.208µs", "request": "", "response": "", "error": ""}
2025-06-11 17:35:31  ℹ️  INFO   middleware/logger.go:112  HTTP Request  {"method": "GET", "path": "/.well-known/appspecific/com.chrome.devtools.json", "status": 404, "latency": "7.5µs", "request": "", "response": "", "error": ""}
time="2025-06-11T17:35:31+02:00" level=info msg="TemplateContextMiddleware - Session data: logged_in=<nil>, user_id=<nil>, username=<nil>"
time="2025-06-11T17:35:31+02:00" level=info msg="TemplateContextMiddleware - User is NOT logged in"
DEBUG: ViewBuilder - Template context from middleware: map[currentUser:<nil>]
DEBUG: ViewBuilder - Final template data keys: [currentUser session title posts]
DEBUG: ViewBuilder - currentUser value: <nil>
2025-06-11 17:35:31  ℹ️  INFO   middleware/logger.go:112  HTTP Request  {"method": "GET", "path": "/posts", "status": 200, "latency": "1.396875ms", "request": "", "response": "<!DOCTYPE html>\n<html lang=\"en\">\n<head>\n    <meta charset=\"UTF-8\">\n    <meta name=\"viewport\" content=\"width=device-width, initial-scale=1.0\">\n    <title>Posts - Welcome to Base</title>\n    <script type=\"module\" src=\"https://unpkg.com/petite-vue?module\"></script>\n    <script src=\"https://cdn.tailwindcss.com\"></script>\n</head>\n<script type=\"module\">\n  import { createApp } from 'https://unpkg.com/petite-vue?module'\n  createApp().mount()\n</script>\n<body class=\"bg-gray-50\" v-scope=\"{ sidebarOpen: false }\">\n    \n    <nav class=\"bg-white shadow fixed w-full z-10\">\n        <div class=\"max-w-7xl mx-auto px-4 sm:px-6 lg:px-8\">\n            <div class=\"flex justify-between h-16\">\n                <div class=\"flex items-center\">\n                    <button @click=\"sidebarOpen = !sidebarOpen\" class=\"md:hidden p-2 rounded-md text-gray-400 hover:text-gray-500 hover:bg-gray-100\">\n                        <svg class=\"h-6 w-6\" fill=\"none\" viewBox=\"0 0 24 24\" stroke=\"currentColor\">\n                         ... [truncated]", "error": ""}
2025-06-11 17:35:31  ℹ️  INFO   middleware/logger.go:112  HTTP Request  {"method": "GET", "path": "/.well-known/appspecific/com.chrome.devtools.json", "status": 404, "latency": "6.167µs", "request": "", "response": "", "error": ""}
time="2025-06-11T17:35:34+02:00" level=info msg="TemplateContextMiddleware - Session data: logged_in=<nil>, user_id=<nil>, username=<nil>"
time="2025-06-11T17:35:34+02:00" level=info msg="TemplateContextMiddleware - User is NOT logged in"
DEBUG: ViewBuilder - Template context from middleware: map[currentUser:<nil>]
DEBUG: ViewBuilder - Final template data keys: [currentUser session title hero_title hero_subtitle features]
DEBUG: ViewBuilder - currentUser value: <nil>
2025-06-11 17:35:34  ℹ️  INFO   middleware/logger.go:112  HTTP Request  {"method": "GET", "path": "/", "status": 200, "latency": "650.375µs", "request": "", "response": "<!DOCTYPE html>\n<html lang=\"en\">\n<head>\n    <meta charset=\"UTF-8\">\n    <meta name=\"viewport\" content=\"width=device-width, initial-scale=1.0\">\n    <title>Welcome - Welcome to Base</title>\n    <script defer src=\"https://unpkg.com/alpinejs-component@latest/dist/component.min.js\"></script>\n    <script defer src=\"https://cdn.jsdelivr.net/npm/alpinejs@3.14.8/dist/cdn.min.js\"></script>\n    <script src=\"https://cdn.tailwindcss.com\"></script>\n</head>\n<body class=\"bg-gray-50\">\n    <nav class=\"bg-white shadow\">\n        <div class=\"max-w-7xl mx-auto px-4 sm:px-6 lg:px-8\">\n            <div class=\"flex justify-between h-16\">\n                <div class=\"flex items-center\">\n                    <a href=\"/\" class=\"text-xl font-bold text-gray-900\">Landing App</a>\n                </div>\n                <div class=\"flex items-center space-x-4\">\n                    <a href=\"/posts\" class=\"text-gray-700 hover:text-gray-900\">Posts</a>\n                    \n                    \n                    \n<div class=\"... [truncated]", "error": ""}
2025-06-11 17:35:34  ℹ️  INFO   middleware/logger.go:112  HTTP Request  {"method": "GET", "path": "/.well-known/appspecific/com.chrome.devtools.json", "status": 404, "latency": "31.917µs", "request": "", "response": "", "error": ""}
time="2025-06-11T17:35:37+02:00" level=info msg="TemplateContextMiddleware - Session data: logged_in=<nil>, user_id=<nil>, username=<nil>"
time="2025-06-11T17:35:37+02:00" level=info msg="TemplateContextMiddleware - User is NOT logged in"
DEBUG: ViewBuilder - Template context from middleware: map[currentUser:<nil>]
DEBUG: ViewBuilder - Final template data keys: [title hero_title hero_subtitle features currentUser session]
DEBUG: ViewBuilder - currentUser value: <nil>
2025-06-11 17:35:37  ℹ️  INFO   middleware/logger.go:112  HTTP Request  {"method": "GET", "path": "/", "status": 200, "latency": "520.209µs", "request": "", "response": "<!DOCTYPE html>\n<html lang=\"en\">\n<head>\n    <meta charset=\"UTF-8\">\n    <meta name=\"viewport\" content=\"width=device-width, initial-scale=1.0\">\n    <title>Welcome - Welcome to Base</title>\n    <script defer src=\"https://unpkg.com/alpinejs-component@latest/dist/component.min.js\"></script>\n    <script defer src=\"https://cdn.jsdelivr.net/npm/alpinejs@3.14.8/dist/cdn.min.js\"></script>\n    <script src=\"https://cdn.tailwindcss.com\"></script>\n</head>\n<body class=\"bg-gray-50\">\n    <nav class=\"bg-white shadow\">\n        <div class=\"max-w-7xl mx-auto px-4 sm:px-6 lg:px-8\">\n            <div class=\"flex justify-between h-16\">\n                <div class=\"flex items-center\">\n                    <a href=\"/\" class=\"text-xl font-bold text-gray-900\">Landing App</a>\n                </div>\n                <div class=\"flex items-center space-x-4\">\n                    <a href=\"/posts\" class=\"text-gray-700 hover:text-gray-900\">Posts</a>\n                    \n                    \n                    \n<div class=\"... [truncated]", "error": ""}
2025-06-11 17:35:37  ℹ️  INFO   middleware/logger.go:112  HTTP Request  {"method": "GET", "path": "/.well-known/appspecific/com.chrome.devtools.json", "status": 404, "latency": "6.625µs", "request": "", "response": "", "error": ""}
time="2025-06-11T17:35:40+02:00" level=info msg="TemplateContextMiddleware - Session data: logged_in=<nil>, user_id=<nil>, username=<nil>"
time="2025-06-11T17:35:40+02:00" level=info msg="TemplateContextMiddleware - User is NOT logged in"
DEBUG: ViewBuilder - Template context from middleware: map[currentUser:<nil>]
DEBUG: ViewBuilder - Final template data keys: [title currentUser session]
DEBUG: ViewBuilder - currentUser value: <nil>
2025-06-11 17:35:40  ℹ️  INFO   middleware/logger.go:112  HTTP Request  {"method": "GET", "path": "/auth/login", "status": 200, "latency": "932.542µs", "request": "", "response": "<!DOCTYPE html>\n<html lang=\"en\">\n<head>\n    <meta charset=\"UTF-8\">\n    <meta name=\"viewport\" content=\"width=device-width, initial-scale=1.0\">\n    <title>Login - auth.title</title>\n    <script defer src=\"https://unpkg.com/alpinejs-component@latest/dist/component.min.js\"></script>\n    <script defer src=\"https://cdn.jsdelivr.net/npm/alpinejs@3.14.8/dist/cdn.min.js\"></script>\n    <script src=\"https://cdn.tailwindcss.com\"></script>\n</head>\n<body>\n    <div class=\"min-h-screen flex flex-col justify-center py-12 sm:px-6 lg:px-8\">\n        <div class=\"sm:mx-auto sm:w-full sm:max-w-md\">\n            <div class=\"text-center mb-6\">\n                <a href=\"/\" class=\"text-2xl font-bold text-white\">auth.title</a>\n                <p class=\"mt-2 text-white text-opacity-80\">auth.tagline</p>\n            </div>\n        </div>\n\n        <div class=\"sm:mx-auto sm:w-full sm:max-w-md\">\n            <div class=\"bg-white py-8 px-6 shadow-lg rounded-lg auth-card\">\n                \n<div>\n  <h2 class=\"text-center tex... [truncated]", "error": ""}
2025-06-11 17:35:40  ℹ️  INFO   middleware/logger.go:112  HTTP Request  {"method": "GET", "path": "/.well-known/appspecific/com.chrome.devtools.json", "status": 404, "latency": "31.292µs", "request": "", "response": "", "error": ""}
2025-06-11 17:35:42  ℹ️  INFO   middleware/logger.go:112  HTTP Request  {"method": "GET", "path": "/.well-known/appspecific/com.chrome.devtools.json", "status": 404, "latency": "6.583µs", "request": "", "response": "", "error": ""}
2025-06-11 17:35:42  ℹ️  INFO   middleware/logger.go:112  HTTP Request  {"method": "GET", "path": "/.well-known/appspecific/com.chrome.devtools.json", "status": 404, "latency": "6.958µs", "request": "", "response": "", "error": ""}
time="2025-06-11T17:35:43+02:00" level=info msg="TemplateContextMiddleware - Session data: logged_in=<nil>, user_id=<nil>, username=<nil>"
time="2025-06-11T17:35:43+02:00" level=info msg="TemplateContextMiddleware - User is NOT logged in"
DEBUG: ViewBuilder - Template context from middleware: map[currentUser:<nil>]
DEBUG: ViewBuilder - Final template data keys: [currentUser session title posts]
DEBUG: ViewBuilder - currentUser value: <nil>
2025-06-11 17:35:43  ℹ️  INFO   middleware/logger.go:112  HTTP Request  {"method": "GET", "path": "/posts", "status": 200, "latency": "1.488792ms", "request": "", "response": "<!DOCTYPE html>\n<html lang=\"en\">\n<head>\n    <meta charset=\"UTF-8\">\n    <meta name=\"viewport\" content=\"width=device-width, initial-scale=1.0\">\n    <title>Posts - Welcome to Base</title>\n    <script type=\"module\" src=\"https://unpkg.com/petite-vue?module\"></script>\n    <script src=\"https://cdn.tailwindcss.com\"></script>\n</head>\n<script type=\"module\">\n  import { createApp } from 'https://unpkg.com/petite-vue?module'\n  createApp().mount()\n</script>\n<body class=\"bg-gray-50\" v-scope=\"{ sidebarOpen: false }\">\n    \n    <nav class=\"bg-white shadow fixed w-full z-10\">\n        <div class=\"max-w-7xl mx-auto px-4 sm:px-6 lg:px-8\">\n            <div class=\"flex justify-between h-16\">\n                <div class=\"flex items-center\">\n                    <button @click=\"sidebarOpen = !sidebarOpen\" class=\"md:hidden p-2 rounded-md text-gray-400 hover:text-gray-500 hover:bg-gray-100\">\n                        <svg class=\"h-6 w-6\" fill=\"none\" viewBox=\"0 0 24 24\" stroke=\"currentColor\">\n                         ... [truncated]", "error": ""}
2025-06-11 17:35:43  ℹ️  INFO   middleware/logger.go:112  HTTP Request  {"method": "GET", "path": "/.well-known/appspecific/com.chrome.devtools.json", "status": 404, "latency": "6.708µs", "request": "", "response": "", "error": ""}
time="2025-06-11T17:35:44+02:00" level=info msg="TemplateContextMiddleware - Session data: logged_in=<nil>, user_id=<nil>, username=<nil>"
time="2025-06-11T17:35:44+02:00" level=info msg="TemplateContextMiddleware - User is NOT logged in"
DEBUG: ViewBuilder - Template context from middleware: map[currentUser:<nil>]
DEBUG: ViewBuilder - Final template data keys: [title currentUser session]
DEBUG: ViewBuilder - currentUser value: <nil>
2025-06-11 17:35:44  ℹ️  INFO   middleware/logger.go:112  HTTP Request  {"method": "GET", "path": "/auth/login", "status": 200, "latency": "478.916µs", "request": "", "response": "<!DOCTYPE html>\n<html lang=\"en\">\n<head>\n    <meta charset=\"UTF-8\">\n    <meta name=\"viewport\" content=\"width=device-width, initial-scale=1.0\">\n    <title>Login - auth.title</title>\n    <script defer src=\"https://unpkg.com/alpinejs-component@latest/dist/component.min.js\"></script>\n    <script defer src=\"https://cdn.jsdelivr.net/npm/alpinejs@3.14.8/dist/cdn.min.js\"></script>\n    <script src=\"https://cdn.tailwindcss.com\"></script>\n</head>\n<body>\n    <div class=\"min-h-screen flex flex-col justify-center py-12 sm:px-6 lg:px-8\">\n        <div class=\"sm:mx-auto sm:w-full sm:max-w-md\">\n            <div class=\"text-center mb-6\">\n                <a href=\"/\" class=\"text-2xl font-bold text-white\">auth.title</a>\n                <p class=\"mt-2 text-white text-opacity-80\">auth.tagline</p>\n            </div>\n        </div>\n\n        <div class=\"sm:mx-auto sm:w-full sm:max-w-md\">\n            <div class=\"bg-white py-8 px-6 shadow-lg rounded-lg auth-card\">\n                \n<div>\n  <h2 class=\"text-center tex... [truncated]", "error": ""}
2025-06-11 17:35:44  ℹ️  INFO   middleware/logger.go:112  HTTP Request  {"method": "GET", "path": "/.well-known/appspecific/com.chrome.devtools.json", "status": 404, "latency": "6.625µs", "request": "", "response": "", "error": ""}
time="2025-06-11T17:36:25+02:00" level=info msg="TemplateContextMiddleware - Session data: logged_in=<nil>, user_id=<nil>, username=<nil>"
time="2025-06-11T17:36:25+02:00" level=info msg="TemplateContextMiddleware - User is NOT logged in"
DEBUG: ViewBuilder - Template context from middleware: map[currentUser:<nil>]
DEBUG: ViewBuilder - Final template data keys: [title currentUser session]
DEBUG: ViewBuilder - currentUser value: <nil>
2025-06-11 17:36:25  ℹ️  INFO   middleware/logger.go:112  HTTP Request  {"method": "GET", "path": "/auth/login", "status": 200, "latency": "1.084584ms", "request": "", "response": "<!DOCTYPE html>\n<html lang=\"en\">\n<head>\n    <meta charset=\"UTF-8\">\n    <meta name=\"viewport\" content=\"width=device-width, initial-scale=1.0\">\n    <title>Login - auth.title</title>\n    <script defer src=\"https://unpkg.com/alpinejs-component@latest/dist/component.min.js\"></script>\n    <script defer src=\"https://cdn.jsdelivr.net/npm/alpinejs@3.14.8/dist/cdn.min.js\"></script>\n    <script src=\"https://cdn.tailwindcss.com\"></script>\n</head>\n<body>\n    <div class=\"min-h-screen flex flex-col justify-center py-12 sm:px-6 lg:px-8\">\n        <div class=\"sm:mx-auto sm:w-full sm:max-w-md\">\n            <div class=\"text-center mb-6\">\n                <a href=\"/\" class=\"text-2xl font-bold text-white\">auth.title</a>\n                <p class=\"mt-2 text-white text-opacity-80\">auth.tagline</p>\n            </div>\n        </div>\n\n        <div class=\"sm:mx-auto sm:w-full sm:max-w-md\">\n            <div class=\"bg-white py-8 px-6 shadow-lg rounded-lg auth-card\">\n                \n<div>\n  <h2 class=\"text-center tex... [truncated]", "error": ""}
2025-06-11 17:36:25  ℹ️  INFO   middleware/logger.go:112  HTTP Request  {"method": "GET", "path": "/.well-known/appspecific/com.chrome.devtools.json", "status": 404, "latency": "7.375µs", "request": "", "response": "", "error": ""}
time="2025-06-11T17:36:29+02:00" level=info msg="TemplateContextMiddleware - Session data: logged_in=<nil>, user_id=<nil>, username=<nil>"
time="2025-06-11T17:36:29+02:00" level=info msg="TemplateContextMiddleware - User is NOT logged in"
2025-06-11 17:36:29  ℹ️  INFO   middleware/logger.go:112  HTTP Request  {"method": "POST", "path": "/auth/login", "status": 200, "latency": "74.116ms", "request": "{\"email\":\"info@basecode.al\",\"password\":\"Rockw00d\",\"remember_me\":false}", "response": "{\"id\":2,\"name\":\"Flakerim Ismani\",\"username\":\"flakerimi\",\"email\":\"info@basecode.al\",\"avatar_url\":\"\",\"last_login\":\"2025-06-11T17:32:47+02:00\",\"accessToken\":\"eyJhbGciOiJIUzI1NiIsInR5cCI6IkpXVCJ9.eyJleHAiOjE3NDk3NDI1ODksImV4dGVuZCI6bnVsbCwidXNlcl9pZCI6Mn0.0MgyHLiimC6MxKQcME_0jPuBI5W7epD7wQARriqpko0\",\"exp\":1749742589}", "error": ""}
time="2025-06-11T17:36:29+02:00" level=info msg="TemplateContextMiddleware - Session data: logged_in=<nil>, user_id=<nil>, username=<nil>"
time="2025-06-11T17:36:29+02:00" level=info msg="TemplateContextMiddleware - User is NOT logged in"
DEBUG: ViewBuilder - Template context from middleware: map[currentUser:<nil>]
DEBUG: ViewBuilder - Final template data keys: [posts currentUser session title]
DEBUG: ViewBuilder - currentUser value: <nil>
2025-06-11 17:36:29  ℹ️  INFO   middleware/logger.go:112  HTTP Request  {"method": "GET", "path": "/posts", "status": 200, "latency": "469.25µs", "request": "", "response": "<!DOCTYPE html>\n<html lang=\"en\">\n<head>\n    <meta charset=\"UTF-8\">\n    <meta name=\"viewport\" content=\"width=device-width, initial-scale=1.0\">\n    <title>Posts - Welcome to Base</title>\n    <script type=\"module\" src=\"https://unpkg.com/petite-vue?module\"></script>\n    <script src=\"https://cdn.tailwindcss.com\"></script>\n</head>\n<script type=\"module\">\n  import { createApp } from 'https://unpkg.com/petite-vue?module'\n  createApp().mount()\n</script>\n<body class=\"bg-gray-50\" v-scope=\"{ sidebarOpen: false }\">\n    \n    <nav class=\"bg-white shadow fixed w-full z-10\">\n        <div class=\"max-w-7xl mx-auto px-4 sm:px-6 lg:px-8\">\n            <div class=\"flex justify-between h-16\">\n                <div class=\"flex items-center\">\n                    <button @click=\"sidebarOpen = !sidebarOpen\" class=\"md:hidden p-2 rounded-md text-gray-400 hover:text-gray-500 hover:bg-gray-100\">\n                        <svg class=\"h-6 w-6\" fill=\"none\" viewBox=\"0 0 24 24\" stroke=\"currentColor\">\n                         ... [truncated]", "error": ""}
2025-06-11 17:36:29  ℹ️  INFO   middleware/logger.go:112  HTTP Request  {"method": "GET", "path": "/.well-known/appspecific/com.chrome.devtools.json", "status": 404, "latency": "5.25µs", "request": "", "response": "", "error": ""}
time="2025-06-11T17:36:30+02:00" level=info msg="TemplateContextMiddleware - Session data: logged_in=<nil>, user_id=<nil>, username=<nil>"
time="2025-06-11T17:36:30+02:00" level=info msg="TemplateContextMiddleware - User is NOT logged in"
DEBUG: ViewBuilder - Template context from middleware: map[currentUser:<nil>]
DEBUG: ViewBuilder - Final template data keys: [session title posts currentUser]
DEBUG: ViewBuilder - currentUser value: <nil>
2025-06-11 17:36:30  ℹ️  INFO   middleware/logger.go:112  HTTP Request  {"method": "GET", "path": "/posts", "status": 200, "latency": "311.5µs", "request": "", "response": "<!DOCTYPE html>\n<html lang=\"en\">\n<head>\n    <meta charset=\"UTF-8\">\n    <meta name=\"viewport\" content=\"width=device-width, initial-scale=1.0\">\n    <title>Posts - Welcome to Base</title>\n    <script type=\"module\" src=\"https://unpkg.com/petite-vue?module\"></script>\n    <script src=\"https://cdn.tailwindcss.com\"></script>\n</head>\n<script type=\"module\">\n  import { createApp } from 'https://unpkg.com/petite-vue?module'\n  createApp().mount()\n</script>\n<body class=\"bg-gray-50\" v-scope=\"{ sidebarOpen: false }\">\n    \n    <nav class=\"bg-white shadow fixed w-full z-10\">\n        <div class=\"max-w-7xl mx-auto px-4 sm:px-6 lg:px-8\">\n            <div class=\"flex justify-between h-16\">\n                <div class=\"flex items-center\">\n                    <button @click=\"sidebarOpen = !sidebarOpen\" class=\"md:hidden p-2 rounded-md text-gray-400 hover:text-gray-500 hover:bg-gray-100\">\n                        <svg class=\"h-6 w-6\" fill=\"none\" viewBox=\"0 0 24 24\" stroke=\"currentColor\">\n                         ... [truncated]", "error": ""}
2025-06-11 17:36:30  ℹ️  INFO   middleware/logger.go:112  HTTP Request  {"method": "GET", "path": "/.well-known/appspecific/com.chrome.devtools.json", "status": 404, "latency": "6.083µs", "request": "", "response": "", "error": ""}
